<?xml version="1.0" encoding="UTF-8"?>
<!-- Generated by org.testng.reporters.JUnitReportReporter -->
<testsuite hostname="DESKTOP-I4TJMN0" failures="0" tests="1" name="scripts.completebooking" time="2.529" errors="0" timestamp="2021-12-22T18:51:58 IST" skipped="0">
  <testcase classname="scripts.completebooking" name="complete_booking" time="2.529"/>
  <system-out/>
</testsuite> <!-- scripts.completebooking -->
